[0m11:20:27.802117 [debug] [MainThread]: Sending event: {'category': 'dbt', 'action': 'invocation', 'label': 'start', 'context': [<snowplow_tracker.self_describing_json.SelfDescribingJson object at 0x0000014E185E0E90>, <snowplow_tracker.self_describing_json.SelfDescribingJson object at 0x0000014E1B88B190>, <snowplow_tracker.self_describing_json.SelfDescribingJson object at 0x0000014E1BC658D0>]}


============================== 11:20:27.818604 | 6f3b13af-3b8b-4f9d-a5d2-e7752dbe73be ==============================
[0m11:20:27.818604 [info ] [MainThread]: Running with dbt=1.7.8
[0m11:20:27.820171 [debug] [MainThread]: running dbt with arguments {'printer_width': '80', 'indirect_selection': 'eager', 'log_cache_events': 'False', 'write_json': 'True', 'partial_parse': 'True', 'cache_selected_only': 'False', 'warn_error': 'None', 'fail_fast': 'False', 'debug': 'False', 'log_path': 'logs', 'profiles_dir': 'C:\\Users\\GuillermoParlade\\.dbt', 'version_check': 'True', 'use_colors': 'True', 'use_experimental_parser': 'False', 'no_print': 'None', 'quiet': 'False', 'log_format': 'default', 'introspect': 'True', 'invocation_command': 'dbt init', 'warn_error_options': 'WarnErrorOptions(include=[], exclude=[])', 'target_path': 'None', 'static_parser': 'True', 'send_anonymous_usage_stats': 'True'}
[0m11:20:27.821384 [warn ] [MainThread]: [ConfigFolderDirectory]: Unable to parse dict {'dir': WindowsPath('C:/Users/GuillermoParlade/.dbt')}
[0m11:20:27.822965 [info ] [MainThread]: Creating dbt configuration folder at 
[0m11:20:53.871678 [debug] [MainThread]: Starter project path: C:\Users\GuillermoParlade\AppData\Local\Programs\Python\Python311\Lib\site-packages\dbt\include\starter_project
[0m11:20:53.947980 [info ] [MainThread]: 
Your new dbt project "cosmosproject" was created!

For more information on how to configure the profiles.yml file,
please consult the dbt documentation here:

  https://docs.getdbt.com/docs/configure-your-profile

One more thing:

Need help? Don't hesitate to reach out to us via GitHub issues or on Slack:

  https://community.getdbt.com/

Happy modeling!

[0m11:20:53.950979 [info ] [MainThread]: Setting up your profile.
[0m11:23:04.902399 [info ] [MainThread]: Profile cosmosproject written to C:\Users\GuillermoParlade\.dbt\profiles.yml using target's profile_template.yml and your supplied values. Run 'dbt debug' to validate the connection.
[0m11:23:04.905322 [debug] [MainThread]: Command `dbt init` succeeded at 11:23:04.905322 after 157.13 seconds
[0m11:23:04.906321 [debug] [MainThread]: Sending event: {'category': 'dbt', 'action': 'invocation', 'label': 'end', 'context': [<snowplow_tracker.self_describing_json.SelfDescribingJson object at 0x0000014E1B8E79D0>, <snowplow_tracker.self_describing_json.SelfDescribingJson object at 0x0000014E1B8F4110>, <snowplow_tracker.self_describing_json.SelfDescribingJson object at 0x0000014E1BE9BF90>]}
[0m11:23:04.907320 [debug] [MainThread]: Flushing usage events
[0m11:23:21.890989 [debug] [MainThread]: Sending event: {'category': 'dbt', 'action': 'invocation', 'label': 'start', 'context': [<snowplow_tracker.self_describing_json.SelfDescribingJson object at 0x0000016883E04C90>, <snowplow_tracker.self_describing_json.SelfDescribingJson object at 0x0000016886CB57D0>, <snowplow_tracker.self_describing_json.SelfDescribingJson object at 0x00000168863B2750>]}


============================== 11:23:21.896979 | 999e059b-a148-409e-98cf-78c1226c266b ==============================
[0m11:23:21.896979 [info ] [MainThread]: Running with dbt=1.7.8
[0m11:23:21.897980 [debug] [MainThread]: running dbt with arguments {'printer_width': '80', 'indirect_selection': 'eager', 'log_cache_events': 'False', 'write_json': 'True', 'partial_parse': 'True', 'cache_selected_only': 'False', 'profiles_dir': 'C:\\Users\\GuillermoParlade\\.dbt', 'fail_fast': 'False', 'version_check': 'True', 'log_path': 'logs', 'warn_error': 'None', 'debug': 'False', 'use_colors': 'True', 'use_experimental_parser': 'False', 'no_print': 'None', 'quiet': 'False', 'warn_error_options': 'WarnErrorOptions(include=[], exclude=[])', 'static_parser': 'True', 'log_format': 'default', 'invocation_command': 'dbt debug', 'target_path': 'None', 'introspect': 'True', 'send_anonymous_usage_stats': 'True'}
[0m11:23:21.898980 [info ] [MainThread]: dbt version: 1.7.8
[0m11:23:21.899979 [info ] [MainThread]: python version: 3.11.8
[0m11:23:21.901979 [info ] [MainThread]: python path: C:\Users\GuillermoParlade\AppData\Local\Programs\Python\Python311\python.exe
[0m11:23:21.902981 [info ] [MainThread]: os info: Windows-10-10.0.19044-SP0
[0m11:23:22.431366 [info ] [MainThread]: Using profiles dir at C:\Users\GuillermoParlade\.dbt
[0m11:23:22.432327 [info ] [MainThread]: Using profiles.yml file at C:\Users\GuillermoParlade\.dbt\profiles.yml
[0m11:23:22.433366 [info ] [MainThread]: Using dbt_project.yml file at C:\Users\GuillermoParlade\dbt_airflow\dags\dbt\dbt_project.yml
[0m11:23:22.435823 [info ] [MainThread]: adapter type: snowflake
[0m11:23:22.436395 [info ] [MainThread]: adapter version: 1.7.2
[0m11:23:22.438328 [info ] [MainThread]: Configuration:
[0m11:23:22.439329 [info ] [MainThread]:   profiles.yml file [[32mOK found and valid[0m]
[0m11:23:22.440342 [info ] [MainThread]:   dbt_project.yml file [[31mERROR not found[0m]
[0m11:23:22.441372 [info ] [MainThread]: Required dependencies:
[0m11:23:22.443338 [debug] [MainThread]: Executing "git --help"
[0m11:23:22.552371 [debug] [MainThread]: STDOUT: "b"usage: git [-v | --version] [-h | --help] [-C <path>] [-c <name>=<value>]\n           [--exec-path[=<path>]] [--html-path] [--man-path] [--info-path]\n           [-p | --paginate | -P | --no-pager] [--no-replace-objects] [--bare]\n           [--git-dir=<path>] [--work-tree=<path>] [--namespace=<name>]\n           [--config-env=<name>=<envvar>] <command> [<args>]\n\nThese are common Git commands used in various situations:\n\nstart a working area (see also: git help tutorial)\n   clone     Clone a repository into a new directory\n   init      Create an empty Git repository or reinitialize an existing one\n\nwork on the current change (see also: git help everyday)\n   add       Add file contents to the index\n   mv        Move or rename a file, a directory, or a symlink\n   restore   Restore working tree files\n   rm        Remove files from the working tree and from the index\n\nexamine the history and state (see also: git help revisions)\n   bisect    Use binary search to find the commit that introduced a bug\n   diff      Show changes between commits, commit and working tree, etc\n   grep      Print lines matching a pattern\n   log       Show commit logs\n   show      Show various types of objects\n   status    Show the working tree status\n\ngrow, mark and tweak your common history\n   branch    List, create, or delete branches\n   commit    Record changes to the repository\n   merge     Join two or more development histories together\n   rebase    Reapply commits on top of another base tip\n   reset     Reset current HEAD to the specified state\n   switch    Switch branches\n   tag       Create, list, delete or verify a tag object signed with GPG\n\ncollaborate (see also: git help workflows)\n   fetch     Download objects and refs from another repository\n   pull      Fetch from and integrate with another repository or a local branch\n   push      Update remote refs along with associated objects\n\n'git help -a' and 'git help -g' list available subcommands and some\nconcept guides. See 'git help <command>' or 'git help <concept>'\nto read about a specific subcommand or concept.\nSee 'git help git' for an overview of the system.\n""
[0m11:23:22.553567 [debug] [MainThread]: STDERR: "b''"
[0m11:23:22.554368 [info ] [MainThread]:  - git [[32mOK found[0m]

[0m11:23:22.555368 [info ] [MainThread]: Connection:
[0m11:23:22.557369 [info ] [MainThread]:   account: fv45033.eu-central-1
[0m11:23:22.558372 [info ] [MainThread]:   user: GPARLADE
[0m11:23:22.559371 [info ] [MainThread]:   database: POC_DBT_AIRFLOW
[0m11:23:22.560368 [info ] [MainThread]:   warehouse: COMPUTE_WH
[0m11:23:22.562370 [info ] [MainThread]:   role: INTERNALPOC
[0m11:23:22.563368 [info ] [MainThread]:   schema: BRONZE
[0m11:23:22.564370 [info ] [MainThread]:   authenticator: None
[0m11:23:22.566370 [info ] [MainThread]:   private_key_path: None
[0m11:23:22.567736 [info ] [MainThread]:   oauth_client_id: None
[0m11:23:22.568601 [info ] [MainThread]:   query_tag: None
[0m11:23:22.569565 [info ] [MainThread]:   client_session_keep_alive: False
[0m11:23:22.570599 [info ] [MainThread]:   host: None
[0m11:23:22.571564 [info ] [MainThread]:   port: None
[0m11:23:22.572565 [info ] [MainThread]:   proxy_host: None
[0m11:23:22.573596 [info ] [MainThread]:   proxy_port: None
[0m11:23:22.574594 [info ] [MainThread]:   protocol: None
[0m11:23:22.575594 [info ] [MainThread]:   connect_retries: 1
[0m11:23:22.576732 [info ] [MainThread]:   connect_timeout: None
[0m11:23:22.577566 [info ] [MainThread]:   retry_on_database_errors: False
[0m11:23:22.579566 [info ] [MainThread]:   retry_all: False
[0m11:23:22.580566 [info ] [MainThread]:   insecure_mode: False
[0m11:23:22.581565 [info ] [MainThread]:   reuse_connections: None
[0m11:23:22.583565 [info ] [MainThread]: Registered adapter: snowflake=1.7.2
[0m11:23:22.584806 [debug] [MainThread]: Acquiring new snowflake connection 'debug'
[0m11:23:22.586841 [debug] [MainThread]: Using snowflake connection "debug"
[0m11:23:22.587497 [debug] [MainThread]: On debug: select 1 as id
[0m11:23:22.587842 [debug] [MainThread]: Opening a new connection, currently in state init
[0m11:23:24.167802 [debug] [MainThread]: SQL status: SUCCESS 1 in 2.0 seconds
[0m11:23:24.168765 [debug] [MainThread]: On debug: Close
[0m11:23:24.288259 [info ] [MainThread]:   Connection test: [[32mOK connection ok[0m]

[0m11:23:24.290261 [info ] [MainThread]: [31m1 check failed:[0m
[0m11:23:24.291261 [info ] [MainThread]: Project loading failed for the following reason:
 project path <C:\Users\GuillermoParlade\dbt_airflow\dags\dbt\dbt_project.yml> not found

[0m11:23:24.293961 [debug] [MainThread]: Command `dbt debug` failed at 11:23:24.293961 after 2.47 seconds
[0m11:23:24.295377 [debug] [MainThread]: Connection 'debug' was properly closed.
[0m11:23:24.295940 [debug] [MainThread]: Sending event: {'category': 'dbt', 'action': 'invocation', 'label': 'end', 'context': [<snowplow_tracker.self_describing_json.SelfDescribingJson object at 0x0000016887162A90>, <snowplow_tracker.self_describing_json.SelfDescribingJson object at 0x0000016886EB5D90>, <snowplow_tracker.self_describing_json.SelfDescribingJson object at 0x00000168869079D0>]}
[0m11:23:24.296967 [debug] [MainThread]: Flushing usage events
